ubuntu@master:~$ more /etc/exports
# /etc/exports: the access control list for filesystems which may be exported
#               to NFS clients.  See exports(5).
#
# Example for NFSv2 and NFSv3:
# /srv/homes       hostname1(rw,sync,no_subtree_check) hostname2(ro,sync,no_subtree_check)
#
# Example for NFSv4:
# /srv/nfs4        gss/krb5i(rw,sync,fsid=0,crossmnt,no_subtree_check)
# /srv/nfs4/homes  gss/krb5i(rw,sync,no_subtree_check)
#
/var/lib/nfs-share 100.64.129.0/24(rw,no_root_squash)
/var/lib/nfs-opencart 100.64.129.0/24(rw,no_root_squash)



====


ubuntu@master:~$ more /etc/idmapd.conf
[General]

Verbosity = 0
Pipefs-Directory = /run/rpc_pipefs
# set your own domain here, if it differs from FQDN minus hostname
Domain = master.avidemo.fr

[Mapping]

Nobody-User = nobody
Nobody-Group = nogroup
